# JRE version: OpenJDK Runtime Environment (21.0.3) (build 21.0.3+-12282718-b509.11)
# Java VM: OpenJDK 64-Bit Server VM (21.0.3+-12282718-b509.11, mixed mode, tiered, compressed oops, compressed class ptrs, g1 gc, windows-amd64)
GC Precious Log:
 CardTable entry size: 512
 Card Set container configuration: InlinePtr #cards 5 size 8 Array Of Cards #cards 12 size 40 Howl #buckets 4 coarsen threshold 1843 Howl Bitmap #cards 512 size 80 coarsen threshold 460 Card regions per heap region 1 cards per card region 2048
 CPUs: 8 total, 8 available
 Memory: 6030M
 Large Page Support: Disabled
 NUMA Support: Disabled
 Compressed Oops: Enabled (32-bit)
 Heap Region Size: 1M
 Heap Min Capacity: 8M
 Heap Initial Capacity: 96M
 Heap Max Capacity: 2G
 Pre-touch: Disabled
 Parallel Workers: 8
 Concurrent Workers: 2
 Concurrent Refinement Workers: 8
 Periodic GC: Disabled
Heap:
 garbage-first heap   total 159744K, used 131026K [0x0000000080000000, 0x0000000100000000)
  region size 1024K, 55 young (56320K), 3 survivors (3072K)
 Metaspace       used 92938K, committed 94912K, reserved 1179648K
  class space    used 12853K, committed 13824K, reserved 1048576K
GC Heap History (20 events):
Event: 15.557 GC heap before
{Heap before GC invocations=23 (full 0):
 garbage-first heap   total 94208K, used 78627K [0x0000000080000000, 0x0000000100000000)
  region size 1024K, 33 young (33792K), 4 survivors (4096K)
 Metaspace       used 66031K, committed 67648K, reserved 1114112K
  class space    used 9074K, committed 9856K, reserved 1048576K
}
Event: 15.564 GC heap after
{Heap after GC invocations=24 (full 0):
 garbage-first heap   total 94208K, used 50666K [0x0000000080000000, 0x0000000100000000)
  region size 1024K, 4 young (4096K), 4 survivors (4096K)
 Metaspace       used 66031K, committed 67648K, reserved 1114112K
  class space    used 9074K, committed 9856K, reserved 1048576K
}
Event: 16.449 GC heap before
{Heap before GC invocations=24 (full 0):
 garbage-first heap   total 94208K, used 88554K [0x0000000080000000, 0x0000000100000000)
  region size 1024K, 36 young (36864K), 4 survivors (4096K)
 Metaspace       used 67691K, committed 69312K, reserved 1114112K
  class space    used 9311K, committed 10112K, reserved 1048576K
}
Event: 16.455 GC heap after
{Heap after GC invocations=25 (full 0):
 garbage-first heap   total 101376K, used 61297K [0x0000000080000000, 0x0000000100000000)
  region size 1024K, 5 young (5120K), 5 survivors (5120K)
 Metaspace       used 67691K, committed 69312K, reserved 1114112K
  class space    used 9311K, committed 10112K, reserved 1048576K
}
Event: 16.470 GC heap before
{Heap before GC invocations=25 (full 0):
 garbage-first heap   total 101376K, used 61297K [0x0000000080000000, 0x0000000100000000)
  region size 1024K, 6 young (6144K), 5 survivors (5120K)
 Metaspace       used 67741K, committed 69376K, reserved 1114112K
  class space    used 9316K, committed 10112K, reserved 1048576K
}
Event: 16.473 GC heap after
{Heap after GC invocations=26 (full 0):
 garbage-first heap   total 101376K, used 61939K [0x0000000080000000, 0x0000000100000000)
  region size 1024K, 1 young (1024K), 1 survivors (1024K)
 Metaspace       used 67741K, committed 69376K, reserved 1114112K
  class space    used 9316K, committed 10112K, reserved 1048576K
}
Event: 17.047 GC heap before
{Heap before GC invocations=27 (full 0):
 garbage-first heap   total 112640K, used 89587K [0x0000000080000000, 0x0000000100000000)
  region size 1024K, 27 young (27648K), 1 survivors (1024K)
 Metaspace       used 70063K, committed 71744K, reserved 1114112K
  class space    used 9621K, committed 10432K, reserved 1048576K
}
Event: 17.049 GC heap after
{Heap after GC invocations=28 (full 0):
 garbage-first heap   total 112640K, used 63563K [0x0000000080000000, 0x0000000100000000)
  region size 1024K, 1 young (1024K), 1 survivors (1024K)
 Metaspace       used 70063K, committed 71744K, reserved 1114112K
  class space    used 9621K, committed 10432K, reserved 1048576K
}
Event: 17.779 GC heap before
{Heap before GC invocations=28 (full 0):
 garbage-first heap   total 112640K, used 98379K [0x0000000080000000, 0x0000000100000000)
  region size 1024K, 36 young (36864K), 1 survivors (1024K)
 Metaspace       used 73822K, committed 75520K, reserved 1114112K
  class space    used 10070K, committed 10944K, reserved 1048576K
}
Event: 17.783 GC heap after
{Heap after GC invocations=29 (full 0):
 garbage-first heap   total 112640K, used 63693K [0x0000000080000000, 0x0000000100000000)
  region size 1024K, 2 young (2048K), 2 survivors (2048K)
 Metaspace       used 73822K, committed 75520K, reserved 1114112K
  class space    used 10070K, committed 10944K, reserved 1048576K
}
Event: 18.307 GC heap before
{Heap before GC invocations=29 (full 0):
 garbage-first heap   total 112640K, used 83149K [0x0000000080000000, 0x0000000100000000)
  region size 1024K, 22 young (22528K), 2 survivors (2048K)
 Metaspace       used 76623K, committed 78400K, reserved 1179648K
  class space    used 10461K, committed 11328K, reserved 1048576K
}
Event: 18.311 GC heap after
{Heap after GC invocations=30 (full 0):
 garbage-first heap   total 112640K, used 65863K [0x0000000080000000, 0x0000000100000000)
  region size 1024K, 4 young (4096K), 4 survivors (4096K)
 Metaspace       used 76623K, committed 78400K, reserved 1179648K
  class space    used 10461K, committed 11328K, reserved 1048576K
}
Event: 19.004 GC heap before
{Heap before GC invocations=31 (full 0):
 garbage-first heap   total 133120K, used 105799K [0x0000000080000000, 0x0000000100000000)
  region size 1024K, 38 young (38912K), 4 survivors (4096K)
 Metaspace       used 78430K, committed 80256K, reserved 1179648K
  class space    used 10711K, committed 11584K, reserved 1048576K
}
Event: 19.011 GC heap after
{Heap after GC invocations=32 (full 0):
 garbage-first heap   total 133120K, used 69974K [0x0000000080000000, 0x0000000100000000)
  region size 1024K, 5 young (5120K), 5 survivors (5120K)
 Metaspace       used 78430K, committed 80256K, reserved 1179648K
  class space    used 10711K, committed 11584K, reserved 1048576K
}
Event: 20.030 GC heap before
{Heap before GC invocations=32 (full 0):
 garbage-first heap   total 133120K, used 114006K [0x0000000080000000, 0x0000000100000000)
  region size 1024K, 48 young (49152K), 5 survivors (5120K)
 Metaspace       used 81572K, committed 83392K, reserved 1179648K
  class space    used 11114K, committed 12032K, reserved 1048576K
}
Event: 20.040 GC heap after
{Heap after GC invocations=33 (full 0):
 garbage-first heap   total 159744K, used 74566K [0x0000000080000000, 0x0000000100000000)
  region size 1024K, 6 young (6144K), 6 survivors (6144K)
 Metaspace       used 81572K, committed 83392K, reserved 1179648K
  class space    used 11114K, committed 12032K, reserved 1048576K
}
Event: 21.443 GC heap before
{Heap before GC invocations=33 (full 0):
 garbage-first heap   total 159744K, used 119622K [0x0000000080000000, 0x0000000100000000)
  region size 1024K, 51 young (52224K), 6 survivors (6144K)
 Metaspace       used 84226K, committed 86144K, reserved 1179648K
  class space    used 11472K, committed 12416K, reserved 1048576K
}
Event: 21.449 GC heap after
{Heap after GC invocations=34 (full 0):
 garbage-first heap   total 159744K, used 77161K [0x0000000080000000, 0x0000000100000000)
  region size 1024K, 5 young (5120K), 5 survivors (5120K)
 Metaspace       used 84226K, committed 86144K, reserved 1179648K
  class space    used 11472K, committed 12416K, reserved 1048576K
}
Event: 22.696 GC heap before
{Heap before GC invocations=35 (full 0):
 garbage-first heap   total 159744K, used 134505K [0x0000000080000000, 0x0000000100000000)
  region size 1024K, 60 young (61440K), 5 survivors (5120K)
 Metaspace       used 88716K, committed 90624K, reserved 1179648K
  class space    used 12261K, committed 13184K, reserved 1048576K
}
Event: 22.701 GC heap after
{Heap after GC invocations=36 (full 0):
 garbage-first heap   total 159744K, used 78802K [0x0000000080000000, 0x0000000100000000)
  region size 1024K, 3 young (3072K), 3 survivors (3072K)
 Metaspace       used 88716K, committed 90624K, reserved 1179648K
  class space    used 12261K, committed 13184K, reserved 1048576K
}

