# JRE version: OpenJDK Runtime Environment (21.0.3) (build 21.0.3+-12282718-b509.11)
# Java VM: OpenJDK 64-Bit Server VM (21.0.3+-12282718-b509.11, mixed mode, tiered, compressed oops, compressed class ptrs, g1 gc, windows-amd64)
GC Precious Log:
 CardTable entry size: 512
 Card Set container configuration: InlinePtr #cards 5 size 8 Array Of Cards #cards 12 size 40 Howl #buckets 4 coarsen threshold 1843 Howl Bitmap #cards 512 size 80 coarsen threshold 460 Card regions per heap region 1 cards per card region 2048
 CPUs: 8 total, 8 available
 Memory: 6030M
 Large Page Support: Disabled
 NUMA Support: Disabled
 Compressed Oops: Enabled (32-bit)
 Heap Region Size: 1M
 Heap Min Capacity: 8M
 Heap Initial Capacity: 96M
 Heap Max Capacity: 2G
 Pre-touch: Disabled
 Parallel Workers: 8
 Concurrent Workers: 2
 Concurrent Refinement Workers: 8
 Periodic GC: Disabled
Heap:
 garbage-first heap   total 94208K, used 81803K [0x0000000080000000, 0x0000000100000000)
  region size 1024K, 29 young (29696K), 5 survivors (5120K)
 Metaspace       used 68283K, committed 69952K, reserved 1114112K
  class space    used 9374K, committed 10176K, reserved 1048576K
GC Heap History (20 events):
Event: 11.291 GC heap before
{Heap before GC invocations=11 (full 0):
 garbage-first heap   total 82944K, used 72146K [0x0000000080000000, 0x0000000100000000)
  region size 1024K, 42 young (43008K), 4 survivors (4096K)
 Metaspace       used 49702K, committed 51072K, reserved 1114112K
  class space    used 6800K, committed 7488K, reserved 1048576K
}
Event: 11.296 GC heap after
{Heap after GC invocations=12 (full 0):
 garbage-first heap   total 82944K, used 34942K [0x0000000080000000, 0x0000000100000000)
  region size 1024K, 6 young (6144K), 6 survivors (6144K)
 Metaspace       used 49702K, committed 51072K, reserved 1114112K
  class space    used 6800K, committed 7488K, reserved 1048576K
}
Event: 12.208 GC heap before
{Heap before GC invocations=12 (full 0):
 garbage-first heap   total 82944K, used 72830K [0x0000000080000000, 0x0000000100000000)
  region size 1024K, 41 young (41984K), 6 survivors (6144K)
 Metaspace       used 55140K, committed 56576K, reserved 1114112K
  class space    used 7484K, committed 8192K, reserved 1048576K
}
Event: 12.214 GC heap after
{Heap after GC invocations=13 (full 0):
 garbage-first heap   total 82944K, used 36452K [0x0000000080000000, 0x0000000100000000)
  region size 1024K, 5 young (5120K), 5 survivors (5120K)
 Metaspace       used 55140K, committed 56576K, reserved 1114112K
  class space    used 7484K, committed 8192K, reserved 1048576K
}
Event: 13.097 GC heap before
{Heap before GC invocations=13 (full 0):
 garbage-first heap   total 82944K, used 67172K [0x0000000080000000, 0x0000000100000000)
  region size 1024K, 36 young (36864K), 5 survivors (5120K)
 Metaspace       used 59563K, committed 60928K, reserved 1114112K
  class space    used 8136K, committed 8832K, reserved 1048576K
}
Event: 13.104 GC heap after
{Heap after GC invocations=14 (full 0):
 garbage-first heap   total 82944K, used 38639K [0x0000000080000000, 0x0000000100000000)
  region size 1024K, 4 young (4096K), 4 survivors (4096K)
 Metaspace       used 59563K, committed 60928K, reserved 1114112K
  class space    used 8136K, committed 8832K, reserved 1048576K
}
Event: 14.416 GC heap before
{Heap before GC invocations=15 (full 0):
 garbage-first heap   total 82944K, used 72431K [0x0000000080000000, 0x0000000100000000)
  region size 1024K, 37 young (37888K), 4 survivors (4096K)
 Metaspace       used 63833K, committed 65408K, reserved 1114112K
  class space    used 8839K, committed 9600K, reserved 1048576K
}
Event: 14.425 GC heap after
{Heap after GC invocations=16 (full 0):
 garbage-first heap   total 82944K, used 40830K [0x0000000080000000, 0x0000000100000000)
  region size 1024K, 5 young (5120K), 5 survivors (5120K)
 Metaspace       used 63833K, committed 65408K, reserved 1114112K
  class space    used 8839K, committed 9600K, reserved 1048576K
}
Event: 15.693 GC heap before
{Heap before GC invocations=16 (full 0):
 garbage-first heap   total 82944K, used 71550K [0x0000000080000000, 0x0000000100000000)
  region size 1024K, 35 young (35840K), 5 survivors (5120K)
 Metaspace       used 65289K, committed 66880K, reserved 1114112K
  class space    used 9032K, committed 9792K, reserved 1048576K
}
Event: 15.706 GC heap after
{Heap after GC invocations=17 (full 0):
 garbage-first heap   total 82944K, used 45090K [0x0000000080000000, 0x0000000100000000)
  region size 1024K, 5 young (5120K), 5 survivors (5120K)
 Metaspace       used 65289K, committed 66880K, reserved 1114112K
  class space    used 9032K, committed 9792K, reserved 1048576K
}
Event: 16.038 GC heap before
{Heap before GC invocations=17 (full 0):
 garbage-first heap   total 82944K, used 70690K [0x0000000080000000, 0x0000000100000000)
  region size 1024K, 31 young (31744K), 5 survivors (5120K)
 Metaspace       used 65623K, committed 67136K, reserved 1114112K
  class space    used 9059K, committed 9792K, reserved 1048576K
}
Event: 16.047 GC heap after
{Heap after GC invocations=18 (full 0):
 garbage-first heap   total 82944K, used 48343K [0x0000000080000000, 0x0000000100000000)
  region size 1024K, 4 young (4096K), 4 survivors (4096K)
 Metaspace       used 65623K, committed 67136K, reserved 1114112K
  class space    used 9059K, committed 9792K, reserved 1048576K
}
Event: 16.349 GC heap before
{Heap before GC invocations=19 (full 0):
 garbage-first heap   total 92160K, used 71895K [0x0000000080000000, 0x0000000100000000)
  region size 1024K, 28 young (28672K), 4 survivors (4096K)
 Metaspace       used 65772K, committed 67328K, reserved 1114112K
  class space    used 9059K, committed 9792K, reserved 1048576K
}
Event: 16.354 GC heap after
{Heap after GC invocations=20 (full 0):
 garbage-first heap   total 92160K, used 49272K [0x0000000080000000, 0x0000000100000000)
  region size 1024K, 4 young (4096K), 4 survivors (4096K)
 Metaspace       used 65772K, committed 67328K, reserved 1114112K
  class space    used 9059K, committed 9792K, reserved 1048576K
}
Event: 16.598 GC heap before
{Heap before GC invocations=20 (full 0):
 garbage-first heap   total 92160K, used 79992K [0x0000000080000000, 0x0000000100000000)
  region size 1024K, 35 young (35840K), 4 survivors (4096K)
 Metaspace       used 65896K, committed 67456K, reserved 1114112K
  class space    used 9059K, committed 9792K, reserved 1048576K
}
Event: 16.604 GC heap after
{Heap after GC invocations=21 (full 0):
 garbage-first heap   total 92160K, used 48061K [0x0000000080000000, 0x0000000100000000)
  region size 1024K, 4 young (4096K), 4 survivors (4096K)
 Metaspace       used 65896K, committed 67456K, reserved 1114112K
  class space    used 9059K, committed 9792K, reserved 1048576K
}
Event: 16.859 GC heap before
{Heap before GC invocations=21 (full 0):
 garbage-first heap   total 92160K, used 79805K [0x0000000080000000, 0x0000000100000000)
  region size 1024K, 36 young (36864K), 4 survivors (4096K)
 Metaspace       used 65973K, committed 67520K, reserved 1114112K
  class space    used 9059K, committed 9792K, reserved 1048576K
}
Event: 16.866 GC heap after
{Heap after GC invocations=22 (full 0):
 garbage-first heap   total 92160K, used 48890K [0x0000000080000000, 0x0000000100000000)
  region size 1024K, 4 young (4096K), 4 survivors (4096K)
 Metaspace       used 65973K, committed 67520K, reserved 1114112K
  class space    used 9059K, committed 9792K, reserved 1048576K
}
Event: 17.654 GC heap before
{Heap before GC invocations=23 (full 0):
 garbage-first heap   total 94208K, used 82682K [0x0000000080000000, 0x0000000100000000)
  region size 1024K, 35 young (35840K), 4 survivors (4096K)
 Metaspace       used 66620K, committed 68160K, reserved 1114112K
  class space    used 9170K, committed 9920K, reserved 1048576K
}
Event: 17.660 GC heap after
{Heap after GC invocations=24 (full 0):
 garbage-first heap   total 94208K, used 55179K [0x0000000080000000, 0x0000000100000000)
  region size 1024K, 5 young (5120K), 5 survivors (5120K)
 Metaspace       used 66620K, committed 68160K, reserved 1114112K
  class space    used 9170K, committed 9920K, reserved 1048576K
}

