# JRE version: OpenJDK Runtime Environment (21.0.3) (build 21.0.3+-12282718-b509.11)
# Java VM: OpenJDK 64-Bit Server VM (21.0.3+-12282718-b509.11, mixed mode, tiered, compressed oops, compressed class ptrs, g1 gc, windows-amd64)
GC Precious Log:
 CardTable entry size: 512
 Card Set container configuration: InlinePtr #cards 5 size 8 Array Of Cards #cards 12 size 40 Howl #buckets 4 coarsen threshold 1843 Howl Bitmap #cards 512 size 80 coarsen threshold 460 Card regions per heap region 1 cards per card region 2048
 CPUs: 8 total, 8 available
 Memory: 6030M
 Large Page Support: Disabled
 NUMA Support: Disabled
 Compressed Oops: Enabled (32-bit)
 Heap Region Size: 1M
 Heap Min Capacity: 8M
 Heap Initial Capacity: 96M
 Heap Max Capacity: 2G
 Pre-touch: Disabled
 Parallel Workers: 8
 Concurrent Workers: 2
 Concurrent Refinement Workers: 8
 Periodic GC: Disabled
Heap:
 garbage-first heap   total 113664K, used 79833K [0x0000000080000000, 0x0000000100000000)
  region size 1024K, 25 young (25600K), 5 survivors (5120K)
 Metaspace       used 71793K, committed 73472K, reserved 1114112K
  class space    used 9784K, committed 10624K, reserved 1048576K
GC Heap History (20 events):
Event: 9.885 GC heap before
{Heap before GC invocations=13 (full 0):
 garbage-first heap   total 78848K, used 69359K [0x0000000080000000, 0x0000000100000000)
  region size 1024K, 36 young (36864K), 4 survivors (4096K)
 Metaspace       used 57088K, committed 58560K, reserved 1114112K
  class space    used 7781K, committed 8512K, reserved 1048576K
}
Event: 9.892 GC heap after
{Heap after GC invocations=14 (full 0):
 garbage-first heap   total 78848K, used 38032K [0x0000000080000000, 0x0000000100000000)
  region size 1024K, 4 young (4096K), 4 survivors (4096K)
 Metaspace       used 57088K, committed 58560K, reserved 1114112K
  class space    used 7781K, committed 8512K, reserved 1048576K
}
Event: 10.156 GC heap before
{Heap before GC invocations=14 (full 0):
 garbage-first heap   total 78848K, used 47248K [0x0000000080000000, 0x0000000100000000)
  region size 1024K, 14 young (14336K), 4 survivors (4096K)
 Metaspace       used 58627K, committed 60096K, reserved 1114112K
  class space    used 8018K, committed 8704K, reserved 1048576K
}
Event: 10.161 GC heap after
{Heap after GC invocations=15 (full 0):
 garbage-first heap   total 78848K, used 38501K [0x0000000080000000, 0x0000000100000000)
  region size 1024K, 2 young (2048K), 2 survivors (2048K)
 Metaspace       used 58627K, committed 60096K, reserved 1114112K
  class space    used 8018K, committed 8704K, reserved 1048576K
}
Event: 11.106 GC heap before
{Heap before GC invocations=16 (full 0):
 garbage-first heap   total 78848K, used 71269K [0x0000000080000000, 0x0000000100000000)
  region size 1024K, 34 young (34816K), 2 survivors (2048K)
 Metaspace       used 62726K, committed 64320K, reserved 1114112K
  class space    used 8689K, committed 9472K, reserved 1048576K
}
Event: 11.111 GC heap after
{Heap after GC invocations=17 (full 0):
 garbage-first heap   total 78848K, used 40880K [0x0000000080000000, 0x0000000100000000)
  region size 1024K, 5 young (5120K), 5 survivors (5120K)
 Metaspace       used 62726K, committed 64320K, reserved 1114112K
  class space    used 8689K, committed 9472K, reserved 1048576K
}
Event: 12.002 GC heap before
{Heap before GC invocations=17 (full 0):
 garbage-first heap   total 78848K, used 67504K [0x0000000080000000, 0x0000000100000000)
  region size 1024K, 31 young (31744K), 5 survivors (5120K)
 Metaspace       used 64924K, committed 66560K, reserved 1114112K
  class space    used 8984K, committed 9792K, reserved 1048576K
}
Event: 12.011 GC heap after
{Heap after GC invocations=18 (full 0):
 garbage-first heap   total 78848K, used 43608K [0x0000000080000000, 0x0000000100000000)
  region size 1024K, 4 young (4096K), 4 survivors (4096K)
 Metaspace       used 64924K, committed 66560K, reserved 1114112K
  class space    used 8984K, committed 9792K, reserved 1048576K
}
Event: 12.330 GC heap before
{Heap before GC invocations=18 (full 0):
 garbage-first heap   total 78848K, used 67160K [0x0000000080000000, 0x0000000100000000)
  region size 1024K, 28 young (28672K), 4 survivors (4096K)
 Metaspace       used 65349K, committed 67008K, reserved 1114112K
  class space    used 9038K, committed 9856K, reserved 1048576K
}
Event: 12.338 GC heap after
{Heap after GC invocations=19 (full 0):
 garbage-first heap   total 78848K, used 47770K [0x0000000080000000, 0x0000000100000000)
  region size 1024K, 4 young (4096K), 4 survivors (4096K)
 Metaspace       used 65349K, committed 67008K, reserved 1114112K
  class space    used 9038K, committed 9856K, reserved 1048576K
}
Event: 12.647 GC heap before
{Heap before GC invocations=20 (full 0):
 garbage-first heap   total 92160K, used 68250K [0x0000000080000000, 0x0000000100000000)
  region size 1024K, 25 young (25600K), 4 survivors (4096K)
 Metaspace       used 65649K, committed 67264K, reserved 1114112K
  class space    used 9066K, committed 9856K, reserved 1048576K
}
Event: 12.652 GC heap after
{Heap after GC invocations=21 (full 0):
 garbage-first heap   total 92160K, used 48200K [0x0000000080000000, 0x0000000100000000)
  region size 1024K, 4 young (4096K), 4 survivors (4096K)
 Metaspace       used 65649K, committed 67264K, reserved 1114112K
  class space    used 9066K, committed 9856K, reserved 1048576K
}
Event: 12.903 GC heap before
{Heap before GC invocations=21 (full 0):
 garbage-first heap   total 92160K, used 78920K [0x0000000080000000, 0x0000000100000000)
  region size 1024K, 35 young (35840K), 4 survivors (4096K)
 Metaspace       used 65796K, committed 67392K, reserved 1114112K
  class space    used 9066K, committed 9856K, reserved 1048576K
}
Event: 12.910 GC heap after
{Heap after GC invocations=22 (full 0):
 garbage-first heap   total 92160K, used 47692K [0x0000000080000000, 0x0000000100000000)
  region size 1024K, 4 young (4096K), 4 survivors (4096K)
 Metaspace       used 65796K, committed 67392K, reserved 1114112K
  class space    used 9066K, committed 9856K, reserved 1048576K
}
Event: 13.267 GC heap before
{Heap before GC invocations=22 (full 0):
 garbage-first heap   total 92160K, used 79436K [0x0000000080000000, 0x0000000100000000)
  region size 1024K, 36 young (36864K), 4 survivors (4096K)
 Metaspace       used 65929K, committed 67520K, reserved 1114112K
  class space    used 9066K, committed 9856K, reserved 1048576K
}
Event: 13.273 GC heap after
{Heap after GC invocations=23 (full 0):
 garbage-first heap   total 110592K, used 48517K [0x0000000080000000, 0x0000000100000000)
  region size 1024K, 4 young (4096K), 4 survivors (4096K)
 Metaspace       used 65929K, committed 67520K, reserved 1114112K
  class space    used 9066K, committed 9856K, reserved 1048576K
}
Event: 13.965 GC heap before
{Heap before GC invocations=24 (full 0):
 garbage-first heap   total 110592K, used 98693K [0x0000000080000000, 0x0000000100000000)
  region size 1024K, 51 young (52224K), 4 survivors (4096K)
 Metaspace       used 66588K, committed 68224K, reserved 1114112K
  class space    used 9181K, committed 9984K, reserved 1048576K
}
Event: 13.971 GC heap after
{Heap after GC invocations=25 (full 0):
 garbage-first heap   total 110592K, used 55145K [0x0000000080000000, 0x0000000100000000)
  region size 1024K, 7 young (7168K), 7 survivors (7168K)
 Metaspace       used 66588K, committed 68224K, reserved 1114112K
  class space    used 9181K, committed 9984K, reserved 1048576K
}
Event: 14.885 GC heap before
{Heap before GC invocations=25 (full 0):
 garbage-first heap   total 110592K, used 99177K [0x0000000080000000, 0x0000000100000000)
  region size 1024K, 47 young (48128K), 7 survivors (7168K)
 Metaspace       used 69682K, committed 71360K, reserved 1114112K
  class space    used 9584K, committed 10432K, reserved 1048576K
}
Event: 14.897 GC heap after
{Heap after GC invocations=26 (full 0):
 garbage-first heap   total 113664K, used 61401K [0x0000000080000000, 0x0000000100000000)
  region size 1024K, 5 young (5120K), 5 survivors (5120K)
 Metaspace       used 69682K, committed 71360K, reserved 1114112K
  class space    used 9584K, committed 10432K, reserved 1048576K
}

