# JRE version: OpenJDK Runtime Environment (21.0.3) (build 21.0.3+-12282718-b509.11)
# Java VM: OpenJDK 64-Bit Server VM (21.0.3+-12282718-b509.11, mixed mode, tiered, compressed oops, compressed class ptrs, g1 gc, windows-amd64)
GC Precious Log:
 CardTable entry size: 512
 Card Set container configuration: InlinePtr #cards 5 size 8 Array Of Cards #cards 12 size 40 Howl #buckets 4 coarsen threshold 1843 Howl Bitmap #cards 512 size 80 coarsen threshold 460 Card regions per heap region 1 cards per card region 2048
 CPUs: 8 total, 8 available
 Memory: 6030M
 Large Page Support: Disabled
 NUMA Support: Disabled
 Compressed Oops: Enabled (32-bit)
 Heap Region Size: 1M
 Heap Min Capacity: 8M
 Heap Initial Capacity: 96M
 Heap Max Capacity: 2G
 Pre-touch: Disabled
 Parallel Workers: 8
 Concurrent Workers: 2
 Concurrent Refinement Workers: 8
 Periodic GC: Disabled
Heap:
 garbage-first heap   total 82944K, used 61479K [0x0000000080000000, 0x0000000100000000)
  region size 1024K, 31 young (31744K), 6 survivors (6144K)
 Metaspace       used 53602K, committed 55040K, reserved 1114112K
  class space    used 7291K, committed 8000K, reserved 1048576K
GC Heap History (20 events):
Event: 0.774 GC heap before
{Heap before GC invocations=0 (full 0):
 garbage-first heap   total 98304K, used 26624K [0x0000000080000000, 0x0000000100000000)
  region size 1024K, 23 young (23552K), 0 survivors (0K)
 Metaspace       used 8140K, committed 8320K, reserved 1114112K
  class space    used 741K, committed 832K, reserved 1048576K
}
Event: 0.781 GC heap after
{Heap after GC invocations=1 (full 0):
 garbage-first heap   total 98304K, used 10729K [0x0000000080000000, 0x0000000100000000)
  region size 1024K, 3 young (3072K), 3 survivors (3072K)
 Metaspace       used 8140K, committed 8320K, reserved 1114112K
  class space    used 741K, committed 832K, reserved 1048576K
}
Event: 1.706 GC heap before
{Heap before GC invocations=1 (full 0):
 garbage-first heap   total 98304K, used 39401K [0x0000000080000000, 0x0000000100000000)
  region size 1024K, 32 young (32768K), 3 survivors (3072K)
 Metaspace       used 12030K, committed 12224K, reserved 1114112K
  class space    used 1279K, committed 1408K, reserved 1048576K
}
Event: 1.713 GC heap after
{Heap after GC invocations=2 (full 0):
 garbage-first heap   total 98304K, used 11842K [0x0000000080000000, 0x0000000100000000)
  region size 1024K, 2 young (2048K), 2 survivors (2048K)
 Metaspace       used 12030K, committed 12224K, reserved 1114112K
  class space    used 1279K, committed 1408K, reserved 1048576K
}
Event: 3.125 GC heap before
{Heap before GC invocations=2 (full 0):
 garbage-first heap   total 98304K, used 70210K [0x0000000080000000, 0x0000000100000000)
  region size 1024K, 57 young (58368K), 2 survivors (2048K)
 Metaspace       used 19112K, committed 19456K, reserved 1114112K
  class space    used 2160K, committed 2304K, reserved 1048576K
}
Event: 3.133 GC heap after
{Heap after GC invocations=3 (full 0):
 garbage-first heap   total 98304K, used 19742K [0x0000000080000000, 0x0000000100000000)
  region size 1024K, 8 young (8192K), 8 survivors (8192K)
 Metaspace       used 19112K, committed 19456K, reserved 1114112K
  class space    used 2160K, committed 2304K, reserved 1048576K
}
Event: 3.363 GC heap before
{Heap before GC invocations=3 (full 0):
 garbage-first heap   total 98304K, used 28958K [0x0000000080000000, 0x0000000100000000)
  region size 1024K, 18 young (18432K), 8 survivors (8192K)
 Metaspace       used 21179K, committed 21504K, reserved 1114112K
  class space    used 2461K, committed 2624K, reserved 1048576K
}
Event: 3.369 GC heap after
{Heap after GC invocations=4 (full 0):
 garbage-first heap   total 98304K, used 21039K [0x0000000080000000, 0x0000000100000000)
  region size 1024K, 2 young (2048K), 2 survivors (2048K)
 Metaspace       used 21179K, committed 21504K, reserved 1114112K
  class space    used 2461K, committed 2624K, reserved 1048576K
}
Event: 5.064 GC heap before
{Heap before GC invocations=5 (full 0):
 garbage-first heap   total 81920K, used 76335K [0x0000000080000000, 0x0000000100000000)
  region size 1024K, 56 young (57344K), 2 survivors (2048K)
 Metaspace       used 30131K, committed 30720K, reserved 1114112K
  class space    used 3919K, committed 4160K, reserved 1048576K
}
Event: 5.069 GC heap after
{Heap after GC invocations=6 (full 0):
 garbage-first heap   total 82944K, used 24057K [0x0000000080000000, 0x0000000100000000)
  region size 1024K, 5 young (5120K), 5 survivors (5120K)
 Metaspace       used 30131K, committed 30720K, reserved 1114112K
  class space    used 3919K, committed 4160K, reserved 1048576K
}
Event: 6.062 GC heap before
{Heap before GC invocations=6 (full 0):
 garbage-first heap   total 82944K, used 59897K [0x0000000080000000, 0x0000000100000000)
  region size 1024K, 41 young (41984K), 5 survivors (5120K)
 Metaspace       used 35169K, committed 35968K, reserved 1114112K
  class space    used 4749K, committed 5120K, reserved 1048576K
}
Event: 6.068 GC heap after
{Heap after GC invocations=7 (full 0):
 garbage-first heap   total 82944K, used 26068K [0x0000000080000000, 0x0000000100000000)
  region size 1024K, 3 young (3072K), 3 survivors (3072K)
 Metaspace       used 35169K, committed 35968K, reserved 1114112K
  class space    used 4749K, committed 5120K, reserved 1048576K
}
Event: 6.131 GC heap before
{Heap before GC invocations=7 (full 0):
 garbage-first heap   total 82944K, used 28116K [0x0000000080000000, 0x0000000100000000)
  region size 1024K, 6 young (6144K), 3 survivors (3072K)
 Metaspace       used 35475K, committed 36288K, reserved 1114112K
  class space    used 4806K, committed 5184K, reserved 1048576K
}
Event: 6.135 GC heap after
{Heap after GC invocations=8 (full 0):
 garbage-first heap   total 82944K, used 26118K [0x0000000080000000, 0x0000000100000000)
  region size 1024K, 3 young (3072K), 3 survivors (3072K)
 Metaspace       used 35475K, committed 36288K, reserved 1114112K
  class space    used 4806K, committed 5184K, reserved 1048576K
}
Event: 7.405 GC heap before
{Heap before GC invocations=9 (full 0):
 garbage-first heap   total 82944K, used 70150K [0x0000000080000000, 0x0000000100000000)
  region size 1024K, 46 young (47104K), 3 survivors (3072K)
 Metaspace       used 43345K, committed 44480K, reserved 1114112K
  class space    used 5867K, committed 6464K, reserved 1048576K
}
Event: 7.412 GC heap after
{Heap after GC invocations=10 (full 0):
 garbage-first heap   total 82944K, used 29599K [0x0000000080000000, 0x0000000100000000)
  region size 1024K, 6 young (6144K), 6 survivors (6144K)
 Metaspace       used 43345K, committed 44480K, reserved 1114112K
  class space    used 5867K, committed 6464K, reserved 1048576K
}
Event: 7.980 GC heap before
{Heap before GC invocations=10 (full 0):
 garbage-first heap   total 82944K, used 69535K [0x0000000080000000, 0x0000000100000000)
  region size 1024K, 46 young (47104K), 6 survivors (6144K)
 Metaspace       used 46384K, committed 47616K, reserved 1114112K
  class space    used 6252K, committed 6848K, reserved 1048576K
}
Event: 7.986 GC heap after
{Heap after GC invocations=11 (full 0):
 garbage-first heap   total 82944K, used 33070K [0x0000000080000000, 0x0000000100000000)
  region size 1024K, 4 young (4096K), 4 survivors (4096K)
 Metaspace       used 46384K, committed 47616K, reserved 1114112K
  class space    used 6252K, committed 6848K, reserved 1048576K
}
Event: 8.673 GC heap before
{Heap before GC invocations=11 (full 0):
 garbage-first heap   total 82944K, used 71982K [0x0000000080000000, 0x0000000100000000)
  region size 1024K, 42 young (43008K), 4 survivors (4096K)
 Metaspace       used 49654K, committed 51008K, reserved 1114112K
  class space    used 6797K, committed 7488K, reserved 1048576K
}
Event: 8.678 GC heap after
{Heap after GC invocations=12 (full 0):
 garbage-first heap   total 82944K, used 34855K [0x0000000080000000, 0x0000000100000000)
  region size 1024K, 6 young (6144K), 6 survivors (6144K)
 Metaspace       used 49654K, committed 51008K, reserved 1114112K
  class space    used 6797K, committed 7488K, reserved 1048576K
}

